Analysis & Synthesis report for week4
Tue Sep 26 20:31:20 2023
Quartus Prime Version 20.1.1 Build 720 11/11/2020 SJ Lite Edition


---------------------
; Table of Contents ;
---------------------
  1. Legal Notice
  2. Analysis & Synthesis Summary
  3. Analysis & Synthesis Settings
  4. Parallel Compilation
  5. Analysis & Synthesis Source Files Read
  6. Analysis & Synthesis Resource Usage Summary
  7. Analysis & Synthesis Resource Utilization by Entity
  8. General Register Statistics
  9. Parameter Settings for User Entity Instance: four_synchronous_dff_clock_enable:inst|dff_synchronous_reset_clock_enable:inst|BUSMUX:inst
 10. Parameter Settings for User Entity Instance: four_synchronous_dff_clock_enable:inst|dff_synchronous_reset_clock_enable:inst4|BUSMUX:inst
 11. Parameter Settings for User Entity Instance: four_synchronous_dff_clock_enable:inst|dff_synchronous_reset_clock_enable:inst2|BUSMUX:inst
 12. Parameter Settings for User Entity Instance: four_synchronous_dff_clock_enable:inst|dff_synchronous_reset_clock_enable:inst3|BUSMUX:inst
 13. Parameter Settings for User Entity Instance: four_synchronous_dff_clock_enable:inst1|dff_synchronous_reset_clock_enable:inst|BUSMUX:inst
 14. Parameter Settings for User Entity Instance: four_synchronous_dff_clock_enable:inst1|dff_synchronous_reset_clock_enable:inst4|BUSMUX:inst
 15. Parameter Settings for User Entity Instance: four_synchronous_dff_clock_enable:inst1|dff_synchronous_reset_clock_enable:inst2|BUSMUX:inst
 16. Parameter Settings for User Entity Instance: four_synchronous_dff_clock_enable:inst1|dff_synchronous_reset_clock_enable:inst3|BUSMUX:inst
 17. Analysis & Synthesis Messages



----------------
; Legal Notice ;
----------------
Copyright (C) 2020  Intel Corporation. All rights reserved.
Your use of Intel Corporation's design tools, logic functions 
and other software and tools, and any partner logic 
functions, and any output files from any of the foregoing 
(including device programming or simulation files), and any 
associated documentation or information are expressly subject 
to the terms and conditions of the Intel Program License 
Subscription Agreement, the Intel Quartus Prime License Agreement,
the Intel FPGA IP License Agreement, or other applicable license
agreement, including, without limitation, that your use is for
the sole purpose of programming logic devices manufactured by
Intel and sold by Intel or its authorized distributors.  Please
refer to the applicable agreement for further details, at
https://fpgasoftware.intel.com/eula.



+---------------------------------------------------------------------------+
; Analysis & Synthesis Summary                                              ;
+-----------------------------+---------------------------------------------+
; Analysis & Synthesis Status ; Successful - Tue Sep 26 20:31:20 2023       ;
; Quartus Prime Version       ; 20.1.1 Build 720 11/11/2020 SJ Lite Edition ;
; Revision Name               ; week4                                       ;
; Top-level Entity Name       ; double_four_bit_register                    ;
; Family                      ; MAX V                                       ;
; Total logic elements        ; 9                                           ;
; Total pins                  ; 15                                          ;
; Total virtual pins          ; 0                                           ;
; UFM blocks                  ; 0 / 1 ( 0 % )                               ;
+-----------------------------+---------------------------------------------+


+------------------------------------------------------------------------------------------------------------------+
; Analysis & Synthesis Settings                                                                                    ;
+------------------------------------------------------------------+--------------------------+--------------------+
; Option                                                           ; Setting                  ; Default Value      ;
+------------------------------------------------------------------+--------------------------+--------------------+
; Top-level entity name                                            ; double_four_bit_register ; week4              ;
; Family name                                                      ; MAX V                    ; Cyclone V          ;
; Use smart compilation                                            ; Off                      ; Off                ;
; Enable parallel Assembler and Timing Analyzer during compilation ; On                       ; On                 ;
; Enable compact report table                                      ; Off                      ; Off                ;
; Restructure Multiplexers                                         ; Auto                     ; Auto               ;
; Create Debugging Nodes for IP Cores                              ; Off                      ; Off                ;
; Preserve fewer node names                                        ; On                       ; On                 ;
; Intel FPGA IP Evaluation Mode                                    ; Enable                   ; Enable             ;
; Verilog Version                                                  ; Verilog_2001             ; Verilog_2001       ;
; VHDL Version                                                     ; VHDL_1993                ; VHDL_1993          ;
; State Machine Processing                                         ; Auto                     ; Auto               ;
; Safe State Machine                                               ; Off                      ; Off                ;
; Extract Verilog State Machines                                   ; On                       ; On                 ;
; Extract VHDL State Machines                                      ; On                       ; On                 ;
; Ignore Verilog initial constructs                                ; Off                      ; Off                ;
; Iteration limit for constant Verilog loops                       ; 5000                     ; 5000               ;
; Iteration limit for non-constant Verilog loops                   ; 250                      ; 250                ;
; Add Pass-Through Logic to Inferred RAMs                          ; On                       ; On                 ;
; Infer RAMs from Raw Logic                                        ; On                       ; On                 ;
; Parallel Synthesis                                               ; On                       ; On                 ;
; NOT Gate Push-Back                                               ; On                       ; On                 ;
; Power-Up Don't Care                                              ; On                       ; On                 ;
; Remove Redundant Logic Cells                                     ; Off                      ; Off                ;
; Remove Duplicate Registers                                       ; On                       ; On                 ;
; Ignore CARRY Buffers                                             ; Off                      ; Off                ;
; Ignore CASCADE Buffers                                           ; Off                      ; Off                ;
; Ignore GLOBAL Buffers                                            ; Off                      ; Off                ;
; Ignore ROW GLOBAL Buffers                                        ; Off                      ; Off                ;
; Ignore LCELL Buffers                                             ; Off                      ; Off                ;
; Ignore SOFT Buffers                                              ; On                       ; On                 ;
; Limit AHDL Integers to 32 Bits                                   ; Off                      ; Off                ;
; Optimization Technique                                           ; Balanced                 ; Balanced           ;
; Carry Chain Length                                               ; 70                       ; 70                 ;
; Auto Carry Chains                                                ; On                       ; On                 ;
; Auto Open-Drain Pins                                             ; On                       ; On                 ;
; Perform WYSIWYG Primitive Resynthesis                            ; Off                      ; Off                ;
; Auto Shift Register Replacement                                  ; Auto                     ; Auto               ;
; Allow Shift Register Merging across Hierarchies                  ; Auto                     ; Auto               ;
; Auto Clock Enable Replacement                                    ; On                       ; On                 ;
; Allow Synchronous Control Signals                                ; On                       ; On                 ;
; Force Use of Synchronous Clear Signals                           ; Off                      ; Off                ;
; Auto Resource Sharing                                            ; Off                      ; Off                ;
; Use LogicLock Constraints during Resource Balancing              ; On                       ; On                 ;
; Ignore translate_off and synthesis_off directives                ; Off                      ; Off                ;
; Report Parameter Settings                                        ; On                       ; On                 ;
; Report Source Assignments                                        ; On                       ; On                 ;
; Report Connectivity Checks                                       ; On                       ; On                 ;
; Ignore Maximum Fan-Out Assignments                               ; Off                      ; Off                ;
; Synchronization Register Chain Length                            ; 2                        ; 2                  ;
; Power Optimization During Synthesis                              ; Normal compilation       ; Normal compilation ;
; HDL message level                                                ; Level2                   ; Level2             ;
; Suppress Register Optimization Related Messages                  ; Off                      ; Off                ;
; Number of Removed Registers Reported in Synthesis Report         ; 5000                     ; 5000               ;
; Number of Swept Nodes Reported in Synthesis Report               ; 5000                     ; 5000               ;
; Number of Inverted Registers Reported in Synthesis Report        ; 100                      ; 100                ;
; Clock MUX Protection                                             ; On                       ; On                 ;
; Block Design Naming                                              ; Auto                     ; Auto               ;
; Synthesis Effort                                                 ; Auto                     ; Auto               ;
; Shift Register Replacement - Allow Asynchronous Clear Signal     ; On                       ; On                 ;
; Analysis & Synthesis Message Level                               ; Medium                   ; Medium             ;
; Disable Register Merging Across Hierarchies                      ; Auto                     ; Auto               ;
+------------------------------------------------------------------+--------------------------+--------------------+


+------------------------------------------+
; Parallel Compilation                     ;
+----------------------------+-------------+
; Processors                 ; Number      ;
+----------------------------+-------------+
; Number detected on machine ; 4           ;
; Maximum allowed            ; 4           ;
;                            ;             ;
; Average used               ; 1.00        ;
; Maximum used               ; 1           ;
;                            ;             ;
; Usage by Processor         ; % Time Used ;
;     Processor 1            ; 100.0%      ;
+----------------------------+-------------+


+-----------------------------------------------------------------------------------------------------------------------------------------------------------------------------------------------------------------------+
; Analysis & Synthesis Source Files Read                                                                                                                                                                                ;
+----------------------------------------+-----------------+------------------------------------+-------------------------------------------------------------------------------------------------------------+---------+
; File Name with User-Entered Path       ; Used in Netlist ; File Type                          ; File Name with Absolute Path                                                                                ; Library ;
+----------------------------------------+-----------------+------------------------------------+-------------------------------------------------------------------------------------------------------------+---------+
; dff_synchronous_reset_clock_enable.bdf ; yes             ; User Block Diagram/Schematic File  ; C:/Users/user/Documents/GitHub/LogicCircuitDesignAndExperiment/week4/dff_synchronous_reset_clock_enable.bdf ;         ;
; four_synchronous_dff_clock_enable.bdf  ; yes             ; User Block Diagram/Schematic File  ; C:/Users/user/Documents/GitHub/LogicCircuitDesignAndExperiment/week4/four_synchronous_dff_clock_enable.bdf  ;         ;
; double_four_bit_register.bdf           ; yes             ; User Block Diagram/Schematic File  ; C:/Users/user/Documents/GitHub/LogicCircuitDesignAndExperiment/week4/double_four_bit_register.bdf           ;         ;
; busmux.tdf                             ; yes             ; Megafunction                       ; c:/intelfpga_lite/20.1/quartus/libraries/megafunctions/busmux.tdf                                           ;         ;
; lpm_mux.inc                            ; yes             ; Megafunction                       ; c:/intelfpga_lite/20.1/quartus/libraries/megafunctions/lpm_mux.inc                                          ;         ;
; lpm_mux.tdf                            ; yes             ; Megafunction                       ; c:/intelfpga_lite/20.1/quartus/libraries/megafunctions/lpm_mux.tdf                                          ;         ;
; aglobal201.inc                         ; yes             ; Megafunction                       ; c:/intelfpga_lite/20.1/quartus/libraries/megafunctions/aglobal201.inc                                       ;         ;
; muxlut.inc                             ; yes             ; Megafunction                       ; c:/intelfpga_lite/20.1/quartus/libraries/megafunctions/muxlut.inc                                           ;         ;
; bypassff.inc                           ; yes             ; Megafunction                       ; c:/intelfpga_lite/20.1/quartus/libraries/megafunctions/bypassff.inc                                         ;         ;
; altshift.inc                           ; yes             ; Megafunction                       ; c:/intelfpga_lite/20.1/quartus/libraries/megafunctions/altshift.inc                                         ;         ;
; db/mux_i6c.tdf                         ; yes             ; Auto-Generated Megafunction        ; C:/Users/user/Documents/GitHub/LogicCircuitDesignAndExperiment/week4/db/mux_i6c.tdf                         ;         ;
+----------------------------------------+-----------------+------------------------------------+-------------------------------------------------------------------------------------------------------------+---------+


+-----------------------------------------------------+
; Analysis & Synthesis Resource Usage Summary         ;
+---------------------------------------------+-------+
; Resource                                    ; Usage ;
+---------------------------------------------+-------+
; Total logic elements                        ; 9     ;
;     -- Combinational with no register       ; 1     ;
;     -- Register only                        ; 8     ;
;     -- Combinational with a register        ; 0     ;
;                                             ;       ;
; Logic element usage by number of LUT inputs ;       ;
;     -- 4 input functions                    ; 0     ;
;     -- 3 input functions                    ; 0     ;
;     -- 2 input functions                    ; 1     ;
;     -- 1 input functions                    ; 0     ;
;     -- 0 input functions                    ; 0     ;
;                                             ;       ;
; Logic elements by mode                      ;       ;
;     -- normal mode                          ; 9     ;
;     -- arithmetic mode                      ; 0     ;
;     -- qfbk mode                            ; 0     ;
;     -- register cascade mode                ; 0     ;
;     -- synchronous clear/load mode          ; 0     ;
;     -- asynchronous clear/load mode         ; 8     ;
;                                             ;       ;
; Total registers                             ; 8     ;
; I/O pins                                    ; 15    ;
; Maximum fan-out node                        ; CLK   ;
; Maximum fan-out                             ; 9     ;
; Total fan-out                               ; 42    ;
; Average fan-out                             ; 1.75  ;
+---------------------------------------------+-------+


+------------------------------------------------------------------------------------------------------------------------------------------------------------------------------------------------------------------------------------------------------------------------------------------------------------------------------------------------------------------------+
; Analysis & Synthesis Resource Utilization by Entity                                                                                                                                                                                                                                                                                                                    ;
+--------------------------------------------------+-------------+--------------+------------+------+--------------+--------------+-------------------+------------------+-----------------+------------+------------------------------------------------------------------------------------------------------------+------------------------------------+--------------+
; Compilation Hierarchy Node                       ; Logic Cells ; LC Registers ; UFM Blocks ; Pins ; Virtual Pins ; LUT-Only LCs ; Register-Only LCs ; LUT/Register LCs ; Carry Chain LCs ; Packed LCs ; Full Hierarchy Name                                                                                        ; Entity Name                        ; Library Name ;
+--------------------------------------------------+-------------+--------------+------------+------+--------------+--------------+-------------------+------------------+-----------------+------------+------------------------------------------------------------------------------------------------------------+------------------------------------+--------------+
; |double_four_bit_register                        ; 9 (0)       ; 8            ; 0          ; 15   ; 0            ; 1 (0)        ; 8 (0)             ; 0 (0)            ; 0 (0)           ; 0 (0)      ; |double_four_bit_register                                                                                  ; double_four_bit_register           ; work         ;
;    |four_synchronous_dff_clock_enable:inst1|     ; 4 (0)       ; 4            ; 0          ; 0    ; 0            ; 0 (0)        ; 4 (0)             ; 0 (0)            ; 0 (0)           ; 0 (0)      ; |double_four_bit_register|four_synchronous_dff_clock_enable:inst1                                          ; four_synchronous_dff_clock_enable  ; work         ;
;       |dff_synchronous_reset_clock_enable:inst2| ; 1 (1)       ; 1            ; 0          ; 0    ; 0            ; 0 (0)        ; 1 (1)             ; 0 (0)            ; 0 (0)           ; 0 (0)      ; |double_four_bit_register|four_synchronous_dff_clock_enable:inst1|dff_synchronous_reset_clock_enable:inst2 ; dff_synchronous_reset_clock_enable ; work         ;
;       |dff_synchronous_reset_clock_enable:inst3| ; 1 (1)       ; 1            ; 0          ; 0    ; 0            ; 0 (0)        ; 1 (1)             ; 0 (0)            ; 0 (0)           ; 0 (0)      ; |double_four_bit_register|four_synchronous_dff_clock_enable:inst1|dff_synchronous_reset_clock_enable:inst3 ; dff_synchronous_reset_clock_enable ; work         ;
;       |dff_synchronous_reset_clock_enable:inst4| ; 1 (1)       ; 1            ; 0          ; 0    ; 0            ; 0 (0)        ; 1 (1)             ; 0 (0)            ; 0 (0)           ; 0 (0)      ; |double_four_bit_register|four_synchronous_dff_clock_enable:inst1|dff_synchronous_reset_clock_enable:inst4 ; dff_synchronous_reset_clock_enable ; work         ;
;       |dff_synchronous_reset_clock_enable:inst|  ; 1 (1)       ; 1            ; 0          ; 0    ; 0            ; 0 (0)        ; 1 (1)             ; 0 (0)            ; 0 (0)           ; 0 (0)      ; |double_four_bit_register|four_synchronous_dff_clock_enable:inst1|dff_synchronous_reset_clock_enable:inst  ; dff_synchronous_reset_clock_enable ; work         ;
;    |four_synchronous_dff_clock_enable:inst|      ; 5 (0)       ; 4            ; 0          ; 0    ; 0            ; 1 (0)        ; 4 (0)             ; 0 (0)            ; 0 (0)           ; 0 (0)      ; |double_four_bit_register|four_synchronous_dff_clock_enable:inst                                           ; four_synchronous_dff_clock_enable  ; work         ;
;       |dff_synchronous_reset_clock_enable:inst2| ; 1 (1)       ; 1            ; 0          ; 0    ; 0            ; 0 (0)        ; 1 (1)             ; 0 (0)            ; 0 (0)           ; 0 (0)      ; |double_four_bit_register|four_synchronous_dff_clock_enable:inst|dff_synchronous_reset_clock_enable:inst2  ; dff_synchronous_reset_clock_enable ; work         ;
;       |dff_synchronous_reset_clock_enable:inst3| ; 1 (1)       ; 1            ; 0          ; 0    ; 0            ; 0 (0)        ; 1 (1)             ; 0 (0)            ; 0 (0)           ; 0 (0)      ; |double_four_bit_register|four_synchronous_dff_clock_enable:inst|dff_synchronous_reset_clock_enable:inst3  ; dff_synchronous_reset_clock_enable ; work         ;
;       |dff_synchronous_reset_clock_enable:inst4| ; 1 (1)       ; 1            ; 0          ; 0    ; 0            ; 0 (0)        ; 1 (1)             ; 0 (0)            ; 0 (0)           ; 0 (0)      ; |double_four_bit_register|four_synchronous_dff_clock_enable:inst|dff_synchronous_reset_clock_enable:inst4  ; dff_synchronous_reset_clock_enable ; work         ;
;       |dff_synchronous_reset_clock_enable:inst|  ; 2 (2)       ; 1            ; 0          ; 0    ; 0            ; 1 (1)        ; 1 (1)             ; 0 (0)            ; 0 (0)           ; 0 (0)      ; |double_four_bit_register|four_synchronous_dff_clock_enable:inst|dff_synchronous_reset_clock_enable:inst   ; dff_synchronous_reset_clock_enable ; work         ;
+--------------------------------------------------+-------------+--------------+------------+------+--------------+--------------+-------------------+------------------+-----------------+------------+------------------------------------------------------------------------------------------------------------+------------------------------------+--------------+
Note: For table entries with two numbers listed, the numbers in parentheses indicate the number of resources of the given type used by the specific entity alone. The numbers listed outside of parentheses indicate the total resources of the given type used by the specific entity and all of its sub-entities in the hierarchy.


+------------------------------------------------------+
; General Register Statistics                          ;
+----------------------------------------------+-------+
; Statistic                                    ; Value ;
+----------------------------------------------+-------+
; Total registers                              ; 8     ;
; Number of registers using Synchronous Clear  ; 0     ;
; Number of registers using Synchronous Load   ; 0     ;
; Number of registers using Asynchronous Clear ; 8     ;
; Number of registers using Asynchronous Load  ; 0     ;
; Number of registers using Clock Enable       ; 8     ;
; Number of registers using Preset             ; 0     ;
+----------------------------------------------+-------+


+-----------------------------------------------------------------------------------------------------------------------------------------+
; Parameter Settings for User Entity Instance: four_synchronous_dff_clock_enable:inst|dff_synchronous_reset_clock_enable:inst|BUSMUX:inst ;
+----------------+-------+----------------------------------------------------------------------------------------------------------------+
; Parameter Name ; Value ; Type                                                                                                           ;
+----------------+-------+----------------------------------------------------------------------------------------------------------------+
; WIDTH          ; 1     ; Untyped                                                                                                        ;
+----------------+-------+----------------------------------------------------------------------------------------------------------------+
Note: In order to hide this table in the UI and the text report file, please set the "Show Parameter Settings in Synthesis Report" option in "Analysis and Synthesis Settings -> More Settings" to "Off".


+------------------------------------------------------------------------------------------------------------------------------------------+
; Parameter Settings for User Entity Instance: four_synchronous_dff_clock_enable:inst|dff_synchronous_reset_clock_enable:inst4|BUSMUX:inst ;
+----------------+-------+-----------------------------------------------------------------------------------------------------------------+
; Parameter Name ; Value ; Type                                                                                                            ;
+----------------+-------+-----------------------------------------------------------------------------------------------------------------+
; WIDTH          ; 1     ; Untyped                                                                                                         ;
+----------------+-------+-----------------------------------------------------------------------------------------------------------------+
Note: In order to hide this table in the UI and the text report file, please set the "Show Parameter Settings in Synthesis Report" option in "Analysis and Synthesis Settings -> More Settings" to "Off".


+------------------------------------------------------------------------------------------------------------------------------------------+
; Parameter Settings for User Entity Instance: four_synchronous_dff_clock_enable:inst|dff_synchronous_reset_clock_enable:inst2|BUSMUX:inst ;
+----------------+-------+-----------------------------------------------------------------------------------------------------------------+
; Parameter Name ; Value ; Type                                                                                                            ;
+----------------+-------+-----------------------------------------------------------------------------------------------------------------+
; WIDTH          ; 1     ; Untyped                                                                                                         ;
+----------------+-------+-----------------------------------------------------------------------------------------------------------------+
Note: In order to hide this table in the UI and the text report file, please set the "Show Parameter Settings in Synthesis Report" option in "Analysis and Synthesis Settings -> More Settings" to "Off".


+------------------------------------------------------------------------------------------------------------------------------------------+
; Parameter Settings for User Entity Instance: four_synchronous_dff_clock_enable:inst|dff_synchronous_reset_clock_enable:inst3|BUSMUX:inst ;
+----------------+-------+-----------------------------------------------------------------------------------------------------------------+
; Parameter Name ; Value ; Type                                                                                                            ;
+----------------+-------+-----------------------------------------------------------------------------------------------------------------+
; WIDTH          ; 1     ; Untyped                                                                                                         ;
+----------------+-------+-----------------------------------------------------------------------------------------------------------------+
Note: In order to hide this table in the UI and the text report file, please set the "Show Parameter Settings in Synthesis Report" option in "Analysis and Synthesis Settings -> More Settings" to "Off".


+------------------------------------------------------------------------------------------------------------------------------------------+
; Parameter Settings for User Entity Instance: four_synchronous_dff_clock_enable:inst1|dff_synchronous_reset_clock_enable:inst|BUSMUX:inst ;
+----------------+-------+-----------------------------------------------------------------------------------------------------------------+
; Parameter Name ; Value ; Type                                                                                                            ;
+----------------+-------+-----------------------------------------------------------------------------------------------------------------+
; WIDTH          ; 1     ; Untyped                                                                                                         ;
+----------------+-------+-----------------------------------------------------------------------------------------------------------------+
Note: In order to hide this table in the UI and the text report file, please set the "Show Parameter Settings in Synthesis Report" option in "Analysis and Synthesis Settings -> More Settings" to "Off".


+-------------------------------------------------------------------------------------------------------------------------------------------+
; Parameter Settings for User Entity Instance: four_synchronous_dff_clock_enable:inst1|dff_synchronous_reset_clock_enable:inst4|BUSMUX:inst ;
+----------------+-------+------------------------------------------------------------------------------------------------------------------+
; Parameter Name ; Value ; Type                                                                                                             ;
+----------------+-------+------------------------------------------------------------------------------------------------------------------+
; WIDTH          ; 1     ; Untyped                                                                                                          ;
+----------------+-------+------------------------------------------------------------------------------------------------------------------+
Note: In order to hide this table in the UI and the text report file, please set the "Show Parameter Settings in Synthesis Report" option in "Analysis and Synthesis Settings -> More Settings" to "Off".


+-------------------------------------------------------------------------------------------------------------------------------------------+
; Parameter Settings for User Entity Instance: four_synchronous_dff_clock_enable:inst1|dff_synchronous_reset_clock_enable:inst2|BUSMUX:inst ;
+----------------+-------+------------------------------------------------------------------------------------------------------------------+
; Parameter Name ; Value ; Type                                                                                                             ;
+----------------+-------+------------------------------------------------------------------------------------------------------------------+
; WIDTH          ; 1     ; Untyped                                                                                                          ;
+----------------+-------+------------------------------------------------------------------------------------------------------------------+
Note: In order to hide this table in the UI and the text report file, please set the "Show Parameter Settings in Synthesis Report" option in "Analysis and Synthesis Settings -> More Settings" to "Off".


+-------------------------------------------------------------------------------------------------------------------------------------------+
; Parameter Settings for User Entity Instance: four_synchronous_dff_clock_enable:inst1|dff_synchronous_reset_clock_enable:inst3|BUSMUX:inst ;
+----------------+-------+------------------------------------------------------------------------------------------------------------------+
; Parameter Name ; Value ; Type                                                                                                             ;
+----------------+-------+------------------------------------------------------------------------------------------------------------------+
; WIDTH          ; 1     ; Untyped                                                                                                          ;
+----------------+-------+------------------------------------------------------------------------------------------------------------------+
Note: In order to hide this table in the UI and the text report file, please set the "Show Parameter Settings in Synthesis Report" option in "Analysis and Synthesis Settings -> More Settings" to "Off".


+-------------------------------+
; Analysis & Synthesis Messages ;
+-------------------------------+
Info: *******************************************************************
Info: Running Quartus Prime Analysis & Synthesis
    Info: Version 20.1.1 Build 720 11/11/2020 SJ Lite Edition
    Info: Processing started: Tue Sep 26 20:31:11 2023
Info: Command: quartus_map --read_settings_files=on --write_settings_files=off week4 -c week4
Warning (18236): Number of processors has not been specified which may cause overloading on shared machines.  Set the global assignment NUM_PARALLEL_PROCESSORS in your QSF to an appropriate value for best performance.
Info (20030): Parallel compilation is enabled and will use 4 of the 4 processors detected
Info (12021): Found 1 design units, including 1 entities, in source file d_flipflop_asynchronous_reset.bdf
    Info (12023): Found entity 1: d_flipflop_asynchronous_reset
Info (12021): Found 1 design units, including 1 entities, in source file d_flipflop_synchronous_reset.bdf
    Info (12023): Found entity 1: d_flipflop_synchronous_reset
Info (12021): Found 1 design units, including 1 entities, in source file dff_synchronous_reset_clock_enable.bdf
    Info (12023): Found entity 1: dff_synchronous_reset_clock_enable
Info (12021): Found 1 design units, including 1 entities, in source file four_synchronous_dff_synchronous_reset.bdf
    Info (12023): Found entity 1: four_synchronous_dff_synchronous_reset
Info (12021): Found 1 design units, including 1 entities, in source file four_synchronous_dff_clock_enable.bdf
    Info (12023): Found entity 1: four_synchronous_dff_clock_enable
Info (12021): Found 1 design units, including 1 entities, in source file double_four_bit_register.bdf
    Info (12023): Found entity 1: double_four_bit_register
Info (12127): Elaborating entity "double_four_bit_register" for the top level hierarchy
Info (12128): Elaborating entity "four_synchronous_dff_clock_enable" for hierarchy "four_synchronous_dff_clock_enable:inst"
Info (12128): Elaborating entity "dff_synchronous_reset_clock_enable" for hierarchy "four_synchronous_dff_clock_enable:inst|dff_synchronous_reset_clock_enable:inst"
Info (12128): Elaborating entity "BUSMUX" for hierarchy "four_synchronous_dff_clock_enable:inst|dff_synchronous_reset_clock_enable:inst|BUSMUX:inst"
Info (12130): Elaborated megafunction instantiation "four_synchronous_dff_clock_enable:inst|dff_synchronous_reset_clock_enable:inst|BUSMUX:inst"
Info (12133): Instantiated megafunction "four_synchronous_dff_clock_enable:inst|dff_synchronous_reset_clock_enable:inst|BUSMUX:inst" with the following parameter:
    Info (12134): Parameter "WIDTH" = "1"
Info (12128): Elaborating entity "lpm_mux" for hierarchy "four_synchronous_dff_clock_enable:inst|dff_synchronous_reset_clock_enable:inst|BUSMUX:inst|lpm_mux:$00000" File: c:/intelfpga_lite/20.1/quartus/libraries/megafunctions/busmux.tdf Line: 44
Info (12131): Elaborated megafunction instantiation "four_synchronous_dff_clock_enable:inst|dff_synchronous_reset_clock_enable:inst|BUSMUX:inst|lpm_mux:$00000", which is child of megafunction instantiation "four_synchronous_dff_clock_enable:inst|dff_synchronous_reset_clock_enable:inst|BUSMUX:inst" File: c:/intelfpga_lite/20.1/quartus/libraries/megafunctions/busmux.tdf Line: 44
Info (12021): Found 1 design units, including 1 entities, in source file db/mux_i6c.tdf
    Info (12023): Found entity 1: mux_i6c File: C:/Users/user/Documents/GitHub/LogicCircuitDesignAndExperiment/week4/db/mux_i6c.tdf Line: 23
Info (12128): Elaborating entity "mux_i6c" for hierarchy "four_synchronous_dff_clock_enable:inst|dff_synchronous_reset_clock_enable:inst|BUSMUX:inst|lpm_mux:$00000|mux_i6c:auto_generated" File: c:/intelfpga_lite/20.1/quartus/libraries/megafunctions/lpm_mux.tdf Line: 87
Info (21057): Implemented 24 device resources after synthesis - the final resource count might be different
    Info (21058): Implemented 7 input pins
    Info (21059): Implemented 8 output pins
    Info (21061): Implemented 9 logic cells
Info: Quartus Prime Analysis & Synthesis was successful. 0 errors, 1 warning
    Info: Peak virtual memory: 4724 megabytes
    Info: Processing ended: Tue Sep 26 20:31:20 2023
    Info: Elapsed time: 00:00:09
    Info: Total CPU time (on all processors): 00:00:18


