Analysis & Synthesis report for week3_1_2
Tue Sep 19 21:37:53 2023
Quartus Prime Version 20.1.1 Build 720 11/11/2020 SJ Lite Edition


---------------------
; Table of Contents ;
---------------------
  1. Legal Notice
  2. Analysis & Synthesis Summary
  3. Analysis & Synthesis Settings
  4. Parallel Compilation
  5. Analysis & Synthesis Source Files Read
  6. Analysis & Synthesis Resource Usage Summary
  7. Analysis & Synthesis Resource Utilization by Entity
  8. General Register Statistics
  9. Analysis & Synthesis Messages



----------------
; Legal Notice ;
----------------
Copyright (C) 2020  Intel Corporation. All rights reserved.
Your use of Intel Corporation's design tools, logic functions 
and other software and tools, and any partner logic 
functions, and any output files from any of the foregoing 
(including device programming or simulation files), and any 
associated documentation or information are expressly subject 
to the terms and conditions of the Intel Program License 
Subscription Agreement, the Intel Quartus Prime License Agreement,
the Intel FPGA IP License Agreement, or other applicable license
agreement, including, without limitation, that your use is for
the sole purpose of programming logic devices manufactured by
Intel and sold by Intel or its authorized distributors.  Please
refer to the applicable agreement for further details, at
https://fpgasoftware.intel.com/eula.



+---------------------------------------------------------------------------+
; Analysis & Synthesis Summary                                              ;
+-----------------------------+---------------------------------------------+
; Analysis & Synthesis Status ; Successful - Tue Sep 19 21:37:53 2023       ;
; Quartus Prime Version       ; 20.1.1 Build 720 11/11/2020 SJ Lite Edition ;
; Revision Name               ; week3_1_2                                   ;
; Top-level Entity Name       ; zero_to_eleven_adder                        ;
; Family                      ; MAX V                                       ;
; Total logic elements        ; 18                                          ;
; Total pins                  ; 30                                          ;
; Total virtual pins          ; 0                                           ;
; UFM blocks                  ; 0 / 1 ( 0 % )                               ;
+-----------------------------+---------------------------------------------+


+--------------------------------------------------------------------------------------------------------------+
; Analysis & Synthesis Settings                                                                                ;
+------------------------------------------------------------------+----------------------+--------------------+
; Option                                                           ; Setting              ; Default Value      ;
+------------------------------------------------------------------+----------------------+--------------------+
; Top-level entity name                                            ; zero_to_eleven_adder ; week3_1_2          ;
; Family name                                                      ; MAX V                ; Cyclone V          ;
; Use smart compilation                                            ; Off                  ; Off                ;
; Enable parallel Assembler and Timing Analyzer during compilation ; On                   ; On                 ;
; Enable compact report table                                      ; Off                  ; Off                ;
; Restructure Multiplexers                                         ; Auto                 ; Auto               ;
; Create Debugging Nodes for IP Cores                              ; Off                  ; Off                ;
; Preserve fewer node names                                        ; On                   ; On                 ;
; Intel FPGA IP Evaluation Mode                                    ; Enable               ; Enable             ;
; Verilog Version                                                  ; Verilog_2001         ; Verilog_2001       ;
; VHDL Version                                                     ; VHDL_1993            ; VHDL_1993          ;
; State Machine Processing                                         ; Auto                 ; Auto               ;
; Safe State Machine                                               ; Off                  ; Off                ;
; Extract Verilog State Machines                                   ; On                   ; On                 ;
; Extract VHDL State Machines                                      ; On                   ; On                 ;
; Ignore Verilog initial constructs                                ; Off                  ; Off                ;
; Iteration limit for constant Verilog loops                       ; 5000                 ; 5000               ;
; Iteration limit for non-constant Verilog loops                   ; 250                  ; 250                ;
; Add Pass-Through Logic to Inferred RAMs                          ; On                   ; On                 ;
; Infer RAMs from Raw Logic                                        ; On                   ; On                 ;
; Parallel Synthesis                                               ; On                   ; On                 ;
; NOT Gate Push-Back                                               ; On                   ; On                 ;
; Power-Up Don't Care                                              ; On                   ; On                 ;
; Remove Redundant Logic Cells                                     ; Off                  ; Off                ;
; Remove Duplicate Registers                                       ; On                   ; On                 ;
; Ignore CARRY Buffers                                             ; Off                  ; Off                ;
; Ignore CASCADE Buffers                                           ; Off                  ; Off                ;
; Ignore GLOBAL Buffers                                            ; Off                  ; Off                ;
; Ignore ROW GLOBAL Buffers                                        ; Off                  ; Off                ;
; Ignore LCELL Buffers                                             ; Off                  ; Off                ;
; Ignore SOFT Buffers                                              ; On                   ; On                 ;
; Limit AHDL Integers to 32 Bits                                   ; Off                  ; Off                ;
; Optimization Technique                                           ; Balanced             ; Balanced           ;
; Carry Chain Length                                               ; 70                   ; 70                 ;
; Auto Carry Chains                                                ; On                   ; On                 ;
; Auto Open-Drain Pins                                             ; On                   ; On                 ;
; Perform WYSIWYG Primitive Resynthesis                            ; Off                  ; Off                ;
; Auto Shift Register Replacement                                  ; Auto                 ; Auto               ;
; Allow Shift Register Merging across Hierarchies                  ; Auto                 ; Auto               ;
; Auto Clock Enable Replacement                                    ; On                   ; On                 ;
; Allow Synchronous Control Signals                                ; On                   ; On                 ;
; Force Use of Synchronous Clear Signals                           ; Off                  ; Off                ;
; Auto Resource Sharing                                            ; Off                  ; Off                ;
; Use LogicLock Constraints during Resource Balancing              ; On                   ; On                 ;
; Ignore translate_off and synthesis_off directives                ; Off                  ; Off                ;
; Report Parameter Settings                                        ; On                   ; On                 ;
; Report Source Assignments                                        ; On                   ; On                 ;
; Report Connectivity Checks                                       ; On                   ; On                 ;
; Ignore Maximum Fan-Out Assignments                               ; Off                  ; Off                ;
; Synchronization Register Chain Length                            ; 2                    ; 2                  ;
; Power Optimization During Synthesis                              ; Normal compilation   ; Normal compilation ;
; HDL message level                                                ; Level2               ; Level2             ;
; Suppress Register Optimization Related Messages                  ; Off                  ; Off                ;
; Number of Removed Registers Reported in Synthesis Report         ; 5000                 ; 5000               ;
; Number of Swept Nodes Reported in Synthesis Report               ; 5000                 ; 5000               ;
; Number of Inverted Registers Reported in Synthesis Report        ; 100                  ; 100                ;
; Clock MUX Protection                                             ; On                   ; On                 ;
; Block Design Naming                                              ; Auto                 ; Auto               ;
; Synthesis Effort                                                 ; Auto                 ; Auto               ;
; Shift Register Replacement - Allow Asynchronous Clear Signal     ; On                   ; On                 ;
; Analysis & Synthesis Message Level                               ; Medium               ; Medium             ;
; Disable Register Merging Across Hierarchies                      ; Auto                 ; Auto               ;
+------------------------------------------------------------------+----------------------+--------------------+


+------------------------------------------+
; Parallel Compilation                     ;
+----------------------------+-------------+
; Processors                 ; Number      ;
+----------------------------+-------------+
; Number detected on machine ; 4           ;
; Maximum allowed            ; 4           ;
;                            ;             ;
; Average used               ; 1.00        ;
; Maximum used               ; 1           ;
;                            ;             ;
; Usage by Processor         ; % Time Used ;
;     Processor 1            ; 100.0%      ;
+----------------------------+-------------+


+--------------------------------------------------------------------------------------------------------------------------------------------------------------------------------------------------------------+
; Analysis & Synthesis Source Files Read                                                                                                                                                                       ;
+----------------------------------+-----------------+------------------------------------+----------------------------------------------------------------------------------------------------------+---------+
; File Name with User-Entered Path ; Used in Netlist ; File Type                          ; File Name with Absolute Path                                                                             ; Library ;
+----------------------------------+-----------------+------------------------------------+----------------------------------------------------------------------------------------------------------+---------+
; decimal_to_binary_converter.bdf  ; yes             ; User Block Diagram/Schematic File  ; C:/Users/user/Documents/GitHub/LogicCircuitDesignAndExperiment/week3_1_2/decimal_to_binary_converter.bdf ;         ;
; half_adder.bdf                   ; yes             ; User Block Diagram/Schematic File  ; C:/Users/user/Documents/GitHub/LogicCircuitDesignAndExperiment/week3_1_2/half_adder.bdf                  ;         ;
; full_adder.bdf                   ; yes             ; User Block Diagram/Schematic File  ; C:/Users/user/Documents/GitHub/LogicCircuitDesignAndExperiment/week3_1_2/full_adder.bdf                  ;         ;
; four_bits_adder.bdf              ; yes             ; User Block Diagram/Schematic File  ; C:/Users/user/Documents/GitHub/LogicCircuitDesignAndExperiment/week3_1_2/four_bits_adder.bdf             ;         ;
; zero_to_eleven_adder.bdf         ; yes             ; User Block Diagram/Schematic File  ; C:/Users/user/Documents/GitHub/LogicCircuitDesignAndExperiment/week3_1_2/zero_to_eleven_adder.bdf        ;         ;
+----------------------------------+-----------------+------------------------------------+----------------------------------------------------------------------------------------------------------+---------+


+-----------------------------------------------------+
; Analysis & Synthesis Resource Usage Summary         ;
+---------------------------------------------+-------+
; Resource                                    ; Usage ;
+---------------------------------------------+-------+
; Total logic elements                        ; 18    ;
;     -- Combinational with no register       ; 18    ;
;     -- Register only                        ; 0     ;
;     -- Combinational with a register        ; 0     ;
;                                             ;       ;
; Logic element usage by number of LUT inputs ;       ;
;     -- 4 input functions                    ; 8     ;
;     -- 3 input functions                    ; 10    ;
;     -- 2 input functions                    ; 0     ;
;     -- 1 input functions                    ; 0     ;
;     -- 0 input functions                    ; 0     ;
;                                             ;       ;
; Logic elements by mode                      ;       ;
;     -- normal mode                          ; 18    ;
;     -- arithmetic mode                      ; 0     ;
;     -- qfbk mode                            ; 0     ;
;     -- register cascade mode                ; 0     ;
;     -- synchronous clear/load mode          ; 0     ;
;     -- asynchronous clear/load mode         ; 0     ;
;                                             ;       ;
; Total registers                             ; 0     ;
; I/O pins                                    ; 30    ;
; Maximum fan-out node                        ; B9    ;
; Maximum fan-out                             ; 2     ;
; Total fan-out                               ; 67    ;
; Average fan-out                             ; 1.40  ;
+---------------------------------------------+-------+


+--------------------------------------------------------------------------------------------------------------------------------------------------------------------------------------------------------------------------------------------------------------------------------------------------------------------------+
; Analysis & Synthesis Resource Utilization by Entity                                                                                                                                                                                                                                                                      ;
+----------------------------------------+-------------+--------------+------------+------+--------------+--------------+-------------------+------------------+-----------------+------------+-------------------------------------------------------------------------------+-----------------------------+--------------+
; Compilation Hierarchy Node             ; Logic Cells ; LC Registers ; UFM Blocks ; Pins ; Virtual Pins ; LUT-Only LCs ; Register-Only LCs ; LUT/Register LCs ; Carry Chain LCs ; Packed LCs ; Full Hierarchy Name                                                           ; Entity Name                 ; Library Name ;
+----------------------------------------+-------------+--------------+------------+------+--------------+--------------+-------------------+------------------+-----------------+------------+-------------------------------------------------------------------------------+-----------------------------+--------------+
; |zero_to_eleven_adder                  ; 18 (0)      ; 0            ; 0          ; 30   ; 0            ; 18 (0)       ; 0 (0)             ; 0 (0)            ; 0 (0)           ; 0 (0)      ; |zero_to_eleven_adder                                                         ; zero_to_eleven_adder        ; work         ;
;    |decimal_to_binary_converter:inst2| ; 5 (5)       ; 0            ; 0          ; 0    ; 0            ; 5 (5)        ; 0 (0)             ; 0 (0)            ; 0 (0)           ; 0 (0)      ; |zero_to_eleven_adder|decimal_to_binary_converter:inst2                       ; decimal_to_binary_converter ; work         ;
;    |decimal_to_binary_converter:inst|  ; 5 (5)       ; 0            ; 0          ; 0    ; 0            ; 5 (5)        ; 0 (0)             ; 0 (0)            ; 0 (0)           ; 0 (0)      ; |zero_to_eleven_adder|decimal_to_binary_converter:inst                        ; decimal_to_binary_converter ; work         ;
;    |four_bits_adder:inst1|             ; 8 (0)       ; 0            ; 0          ; 0    ; 0            ; 8 (0)        ; 0 (0)             ; 0 (0)            ; 0 (0)           ; 0 (0)      ; |zero_to_eleven_adder|four_bits_adder:inst1                                   ; four_bits_adder             ; work         ;
;       |full_adder:inst2|               ; 2 (1)       ; 0            ; 0          ; 0    ; 0            ; 2 (1)        ; 0 (0)             ; 0 (0)            ; 0 (0)           ; 0 (0)      ; |zero_to_eleven_adder|four_bits_adder:inst1|full_adder:inst2                  ; full_adder                  ; work         ;
;          |half_adder:inst1|            ; 1 (1)       ; 0            ; 0          ; 0    ; 0            ; 1 (1)        ; 0 (0)             ; 0 (0)            ; 0 (0)           ; 0 (0)      ; |zero_to_eleven_adder|four_bits_adder:inst1|full_adder:inst2|half_adder:inst1 ; half_adder                  ; work         ;
;       |full_adder:inst3|               ; 2 (1)       ; 0            ; 0          ; 0    ; 0            ; 2 (1)        ; 0 (0)             ; 0 (0)            ; 0 (0)           ; 0 (0)      ; |zero_to_eleven_adder|four_bits_adder:inst1|full_adder:inst3                  ; full_adder                  ; work         ;
;          |half_adder:inst1|            ; 1 (1)       ; 0            ; 0          ; 0    ; 0            ; 1 (1)        ; 0 (0)             ; 0 (0)            ; 0 (0)           ; 0 (0)      ; |zero_to_eleven_adder|four_bits_adder:inst1|full_adder:inst3|half_adder:inst1 ; half_adder                  ; work         ;
;       |full_adder:inst4|               ; 2 (1)       ; 0            ; 0          ; 0    ; 0            ; 2 (1)        ; 0 (0)             ; 0 (0)            ; 0 (0)           ; 0 (0)      ; |zero_to_eleven_adder|four_bits_adder:inst1|full_adder:inst4                  ; full_adder                  ; work         ;
;          |half_adder:inst1|            ; 1 (1)       ; 0            ; 0          ; 0    ; 0            ; 1 (1)        ; 0 (0)             ; 0 (0)            ; 0 (0)           ; 0 (0)      ; |zero_to_eleven_adder|four_bits_adder:inst1|full_adder:inst4|half_adder:inst1 ; half_adder                  ; work         ;
;       |full_adder:inst|                ; 2 (1)       ; 0            ; 0          ; 0    ; 0            ; 2 (1)        ; 0 (0)             ; 0 (0)            ; 0 (0)           ; 0 (0)      ; |zero_to_eleven_adder|four_bits_adder:inst1|full_adder:inst                   ; full_adder                  ; work         ;
;          |half_adder:inst1|            ; 1 (1)       ; 0            ; 0          ; 0    ; 0            ; 1 (1)        ; 0 (0)             ; 0 (0)            ; 0 (0)           ; 0 (0)      ; |zero_to_eleven_adder|four_bits_adder:inst1|full_adder:inst|half_adder:inst1  ; half_adder                  ; work         ;
+----------------------------------------+-------------+--------------+------------+------+--------------+--------------+-------------------+------------------+-----------------+------------+-------------------------------------------------------------------------------+-----------------------------+--------------+
Note: For table entries with two numbers listed, the numbers in parentheses indicate the number of resources of the given type used by the specific entity alone. The numbers listed outside of parentheses indicate the total resources of the given type used by the specific entity and all of its sub-entities in the hierarchy.


+------------------------------------------------------+
; General Register Statistics                          ;
+----------------------------------------------+-------+
; Statistic                                    ; Value ;
+----------------------------------------------+-------+
; Total registers                              ; 0     ;
; Number of registers using Synchronous Clear  ; 0     ;
; Number of registers using Synchronous Load   ; 0     ;
; Number of registers using Asynchronous Clear ; 0     ;
; Number of registers using Asynchronous Load  ; 0     ;
; Number of registers using Clock Enable       ; 0     ;
; Number of registers using Preset             ; 0     ;
+----------------------------------------------+-------+


+-------------------------------+
; Analysis & Synthesis Messages ;
+-------------------------------+
Info: *******************************************************************
Info: Running Quartus Prime Analysis & Synthesis
    Info: Version 20.1.1 Build 720 11/11/2020 SJ Lite Edition
    Info: Processing started: Tue Sep 19 21:37:45 2023
Info: Command: quartus_map --read_settings_files=on --write_settings_files=off week3_1_2 -c week3_1_2
Warning (18236): Number of processors has not been specified which may cause overloading on shared machines.  Set the global assignment NUM_PARALLEL_PROCESSORS in your QSF to an appropriate value for best performance.
Info (20030): Parallel compilation is enabled and will use 4 of the 4 processors detected
Info (12021): Found 1 design units, including 1 entities, in source file decimal_to_binary_converter.bdf
    Info (12023): Found entity 1: decimal_to_binary_converter
Info (12021): Found 1 design units, including 1 entities, in source file two_bits_compare.bdf
    Info (12023): Found entity 1: two_bits_compare
Info (12021): Found 1 design units, including 1 entities, in source file half_adder.bdf
    Info (12023): Found entity 1: half_adder
Info (12021): Found 1 design units, including 1 entities, in source file full_adder.bdf
    Info (12023): Found entity 1: full_adder
Info (12021): Found 1 design units, including 1 entities, in source file four_bits_adder.bdf
    Info (12023): Found entity 1: four_bits_adder
Info (12021): Found 1 design units, including 1 entities, in source file zero_to_eleven_adder.bdf
    Info (12023): Found entity 1: zero_to_eleven_adder
Info (12127): Elaborating entity "zero_to_eleven_adder" for the top level hierarchy
Info (12128): Elaborating entity "four_bits_adder" for hierarchy "four_bits_adder:inst1"
Info (12128): Elaborating entity "full_adder" for hierarchy "four_bits_adder:inst1|full_adder:inst"
Info (12128): Elaborating entity "half_adder" for hierarchy "four_bits_adder:inst1|full_adder:inst|half_adder:inst1"
Warning (275011): Block or symbol "AND2" of instance "inst" overlaps another block or symbol
Info (12128): Elaborating entity "decimal_to_binary_converter" for hierarchy "decimal_to_binary_converter:inst"
Warning (21074): Design contains 2 input pin(s) that do not drive logic
    Warning (15610): No output dependent on input pin "A0"
    Warning (15610): No output dependent on input pin "B0"
Info (21057): Implemented 48 device resources after synthesis - the final resource count might be different
    Info (21058): Implemented 25 input pins
    Info (21059): Implemented 5 output pins
    Info (21061): Implemented 18 logic cells
Info: Quartus Prime Analysis & Synthesis was successful. 0 errors, 5 warnings
    Info: Peak virtual memory: 4719 megabytes
    Info: Processing ended: Tue Sep 19 21:37:53 2023
    Info: Elapsed time: 00:00:08
    Info: Total CPU time (on all processors): 00:00:18


