Flow report for week3_1_2
Tue Sep 19 21:38:03 2023
Quartus Prime Version 20.1.1 Build 720 11/11/2020 SJ Lite Edition


---------------------
; Table of Contents ;
---------------------
  1. Legal Notice
  2. Flow Summary
  3. Flow Settings
  4. Flow Non-Default Global Settings
  5. Flow Elapsed Time
  6. Flow OS Summary
  7. Flow Log
  8. Flow Messages
  9. Flow Suppressed Messages



----------------
; Legal Notice ;
----------------
Copyright (C) 2020  Intel Corporation. All rights reserved.
Your use of Intel Corporation's design tools, logic functions 
and other software and tools, and any partner logic 
functions, and any output files from any of the foregoing 
(including device programming or simulation files), and any 
associated documentation or information are expressly subject 
to the terms and conditions of the Intel Program License 
Subscription Agreement, the Intel Quartus Prime License Agreement,
the Intel FPGA IP License Agreement, or other applicable license
agreement, including, without limitation, that your use is for
the sole purpose of programming logic devices manufactured by
Intel and sold by Intel or its authorized distributors.  Please
refer to the applicable agreement for further details, at
https://fpgasoftware.intel.com/eula.



+---------------------------------------------------------------------+
; Flow Summary                                                        ;
+-----------------------+---------------------------------------------+
; Flow Status           ; Successful - Tue Sep 19 21:38:03 2023       ;
; Quartus Prime Version ; 20.1.1 Build 720 11/11/2020 SJ Lite Edition ;
; Revision Name         ; week3_1_2                                   ;
; Top-level Entity Name ; zero_to_eleven_adder                        ;
; Family                ; MAX V                                       ;
; Total logic elements  ; 18 / 40 ( 45 % )                            ;
; Total pins            ; 30 / 54 ( 56 % )                            ;
; Total virtual pins    ; 0                                           ;
; UFM blocks            ; 0 / 1 ( 0 % )                               ;
; Device                ; 5M40ZE64C4                                  ;
; Timing Models         ; Final                                       ;
+-----------------------+---------------------------------------------+


+-----------------------------------------+
; Flow Settings                           ;
+-------------------+---------------------+
; Option            ; Setting             ;
+-------------------+---------------------+
; Start date & time ; 09/19/2023 21:37:45 ;
; Main task         ; Compilation         ;
; Revision Name     ; week3_1_2           ;
+-------------------+---------------------+


+-------------------------------------------------------------------------------------------------------+
; Flow Non-Default Global Settings                                                                      ;
+--------------------------+---------------------------------+---------------+-------------+------------+
; Assignment Name          ; Value                           ; Default Value ; Entity Name ; Section Id ;
+--------------------------+---------------------------------+---------------+-------------+------------+
; COMPILER_SIGNATURE_ID    ; 268612365153977.169512706501356 ; --            ; --          ; --         ;
; PROJECT_OUTPUT_DIRECTORY ; output_files                    ; --            ; --          ; --         ;
; TOP_LEVEL_ENTITY         ; zero_to_eleven_adder            ; week3_1_2     ; --          ; --         ;
+--------------------------+---------------------------------+---------------+-------------+------------+


+--------------------------------------------------------------------------------------------------------------------------+
; Flow Elapsed Time                                                                                                        ;
+----------------------+--------------+-------------------------+---------------------+------------------------------------+
; Module Name          ; Elapsed Time ; Average Processors Used ; Peak Virtual Memory ; Total CPU Time (on all processors) ;
+----------------------+--------------+-------------------------+---------------------+------------------------------------+
; Analysis & Synthesis ; 00:00:08     ; 1.0                     ; 4719 MB             ; 00:00:18                           ;
; Fitter               ; 00:00:01     ; 1.0                     ; 5347 MB             ; 00:00:01                           ;
; EDA Netlist Writer   ; 00:00:01     ; 1.0                     ; 4629 MB             ; 00:00:01                           ;
; EDA Netlist Writer   ; 00:00:00     ; 1.0                     ; 4637 MB             ; 00:00:01                           ;
; Total                ; 00:00:10     ; --                      ; --                  ; 00:00:21                           ;
+----------------------+--------------+-------------------------+---------------------+------------------------------------+


+------------------------------------------------------------------------------------+
; Flow OS Summary                                                                    ;
+----------------------+------------------+------------+------------+----------------+
; Module Name          ; Machine Hostname ; OS Name    ; OS Version ; Processor type ;
+----------------------+------------------+------------+------------+----------------+
; Analysis & Synthesis ; IP-142           ; Windows 10 ; 10.0       ; x86_64         ;
; Fitter               ; IP-142           ; Windows 10 ; 10.0       ; x86_64         ;
; EDA Netlist Writer   ; IP-142           ; Windows 10 ; 10.0       ; x86_64         ;
; EDA Netlist Writer   ; IP-142           ; Windows 10 ; 10.0       ; x86_64         ;
+----------------------+------------------+------------+------------+----------------+


------------
; Flow Log ;
------------
quartus_map --read_settings_files=on --write_settings_files=off week3_1_2 -c week3_1_2
quartus_fit --read_settings_files=on --write_settings_files=off week3_1_2 -c week3_1_2
quartus_eda --read_settings_files=off --write_settings_files=off week3_1_2 -c week3_1_2
quartus_eda --gen_testbench --tool=modelsim_oem --format=verilog --write_settings_files=off week3_1_2 -c week3_1_2 --vector_source=C:/Users/user/Documents/GitHub/LogicCircuitDesignAndExperiment/week3_1_2/zero_to_eleven_adder.vwf --testbench_file=C:/Users/user/Documents/GitHub/LogicCircuitDesignAndExperiment/week3_1_2/simulation/qsim/zero_to_eleven_adder.vwf.vt
quartus_eda --write_settings_files=off --simulation=on --functional=on --flatten_buses=off --tool=modelsim_oem --format=verilog --output_directory=C:/Users/user/Documents/GitHub/LogicCircuitDesignAndExperiment/week3_1_2/simulation/qsim/ week3_1_2 -c week3_1_2



